# JRE version: Java(TM) SE Runtime Environment (8.0_111-b14) (build 1.8.0_111-b14)
# Java VM: Java HotSpot(TM) 64-Bit Server VM (25.111-b14 mixed mode windows-amd64 compressed oops)
Heap:
 PSYoungGen      total 339456K, used 247471K [0x00000000e0000000, 0x00000000f9800000, 0x0000000100000000)
  eden space 272384K, 77% used [0x00000000e0000000,0x00000000ece9c600,0x00000000f0a00000)
  from space 67072K, 53% used [0x00000000f5680000,0x00000000f798f8a8,0x00000000f9800000)
  to   space 72704K, 0% used [0x00000000f0a00000,0x00000000f0a00000,0x00000000f5100000)
 ParOldGen       total 308224K, used 186171K [0x00000000a0000000, 0x00000000b2d00000, 0x00000000e0000000)
  object space 308224K, 60% used [0x00000000a0000000,0x00000000ab5cecf8,0x00000000b2d00000)
 Metaspace       used 95598K, capacity 99172K, committed 100352K, reserved 1136640K
  class space    used 12374K, capacity 13102K, committed 13312K, reserved 1048576K
GC Heap History (10 events):
Event: 5857.044 GC heap before
{Heap before GC invocations=29 (full 4):
 PSYoungGen      total 257024K, used 257022K [0x00000000e0000000, 0x00000000f7000000, 0x0000000100000000)
  eden space 197120K, 100% used [0x00000000e0000000,0x00000000ec080000,0x00000000ec080000)
  from space 59904K, 99% used [0x00000000f0b00000,0x00000000f457f830,0x00000000f4580000)
  to   space 76288K, 0% used [0x00000000ec080000,0x00000000ec080000,0x00000000f0b00000)
 ParOldGen       total 231936K, used 140745K [0x00000000a0000000, 0x00000000ae280000, 0x00000000e0000000)
  object space 231936K, 60% used [0x00000000a0000000,0x00000000a8972628,0x00000000ae280000)
 Metaspace       used 93506K, capacity 96744K, committed 98856K, reserved 1134592K
  class space    used 12101K, capacity 12804K, committed 13184K, reserved 1048576K
Event: 5857.257 GC heap after
Heap after GC invocations=29 (full 4):
 PSYoungGen      total 273408K, used 40406K [0x00000000e0000000, 0x00000000f8a00000, 0x0000000100000000)
  eden space 197120K, 0% used [0x00000000e0000000,0x00000000e0000000,0x00000000ec080000)
  from space 76288K, 52% used [0x00000000ec080000,0x00000000ee7f5a98,0x00000000f0b00000)
  to   space 75776K, 0% used [0x00000000f4000000,0x00000000f4000000,0x00000000f8a00000)
 ParOldGen       total 231936K, used 199102K [0x00000000a0000000, 0x00000000ae280000, 0x00000000e0000000)
  object space 231936K, 85% used [0x00000000a0000000,0x00000000ac26f830,0x00000000ae280000)
 Metaspace       used 93506K, capacity 96744K, committed 98856K, reserved 1134592K
  class space    used 12101K, capacity 12804K, committed 13184K, reserved 1048576K
}
Event: 5857.257 GC heap before
{Heap before GC invocations=30 (full 5):
 PSYoungGen      total 273408K, used 40406K [0x00000000e0000000, 0x00000000f8a00000, 0x0000000100000000)
  eden space 197120K, 0% used [0x00000000e0000000,0x00000000e0000000,0x00000000ec080000)
  from space 76288K, 52% used [0x00000000ec080000,0x00000000ee7f5a98,0x00000000f0b00000)
  to   space 75776K, 0% used [0x00000000f4000000,0x00000000f4000000,0x00000000f8a00000)
 ParOldGen       total 231936K, used 199102K [0x00000000a0000000, 0x00000000ae280000, 0x00000000e0000000)
  object space 231936K, 85% used [0x00000000a0000000,0x00000000ac26f830,0x00000000ae280000)
 Metaspace       used 93506K, capacity 96744K, committed 98856K, reserved 1134592K
  class space    used 12101K, capacity 12804K, committed 13184K, reserved 1048576K
Event: 5858.336 GC heap after
Heap after GC invocations=30 (full 5):
 PSYoungGen      total 273408K, used 0K [0x00000000e0000000, 0x00000000f8a00000, 0x0000000100000000)
  eden space 197120K, 0% used [0x00000000e0000000,0x00000000e0000000,0x00000000ec080000)
  from space 76288K, 0% used [0x00000000ec080000,0x00000000ec080000,0x00000000f0b00000)
  to   space 75776K, 0% used [0x00000000f4000000,0x00000000f4000000,0x00000000f8a00000)
 ParOldGen       total 308224K, used 171916K [0x00000000a0000000, 0x00000000b2d00000, 0x00000000e0000000)
  object space 308224K, 55% used [0x00000000a0000000,0x00000000aa7e33f8,0x00000000b2d00000)
 Metaspace       used 93506K, capacity 96744K, committed 98856K, reserved 1134592K
  class space    used 12101K, capacity 12804K, committed 13184K, reserved 1048576K
}
Event: 5860.530 GC heap before
{Heap before GC invocations=31 (full 5):
 PSYoungGen      total 273408K, used 197120K [0x00000000e0000000, 0x00000000f8a00000, 0x0000000100000000)
  eden space 197120K, 100% used [0x00000000e0000000,0x00000000ec080000,0x00000000ec080000)
  from space 76288K, 0% used [0x00000000ec080000,0x00000000ec080000,0x00000000f0b00000)
  to   space 75776K, 0% used [0x00000000f4000000,0x00000000f4000000,0x00000000f8a00000)
 ParOldGen       total 308224K, used 171916K [0x00000000a0000000, 0x00000000b2d00000, 0x00000000e0000000)
  object space 308224K, 55% used [0x00000000a0000000,0x00000000aa7e33f8,0x00000000b2d00000)
 Metaspace       used 94503K, capacity 97934K, committed 99328K, reserved 1134592K
  class space    used 12229K, capacity 12961K, committed 13312K, reserved 1048576K
Event: 5860.596 GC heap after
Heap after GC invocations=31 (full 5):
 PSYoungGen      total 284672K, used 19103K [0x00000000e0000000, 0x00000000f7280000, 0x0000000100000000)
  eden space 232960K, 0% used [0x00000000e0000000,0x00000000e0000000,0x00000000ee380000)
  from space 51712K, 36% used [0x00000000f4000000,0x00000000f52a7c28,0x00000000f7280000)
  to   space 73216K, 0% used [0x00000000ee380000,0x00000000ee380000,0x00000000f2b00000)
 ParOldGen       total 308224K, used 171924K [0x00000000a0000000, 0x00000000b2d00000, 0x00000000e0000000)
  object space 308224K, 55% used [0x00000000a0000000,0x00000000aa7e53f8,0x00000000b2d00000)
 Metaspace       used 94503K, capacity 97934K, committed 99328K, reserved 1134592K
  class space    used 12229K, capacity 12961K, committed 13312K, reserved 1048576K
}
Event: 5860.936 GC heap before
{Heap before GC invocations=32 (full 5):
 PSYoungGen      total 284672K, used 252063K [0x00000000e0000000, 0x00000000f7280000, 0x0000000100000000)
  eden space 232960K, 100% used [0x00000000e0000000,0x00000000ee380000,0x00000000ee380000)
  from space 51712K, 36% used [0x00000000f4000000,0x00000000f52a7c28,0x00000000f7280000)
  to   space 73216K, 0% used [0x00000000ee380000,0x00000000ee380000,0x00000000f2b00000)
 ParOldGen       total 308224K, used 171924K [0x00000000a0000000, 0x00000000b2d00000, 0x00000000e0000000)
  object space 308224K, 55% used [0x00000000a0000000,0x00000000aa7e53f8,0x00000000b2d00000)
 Metaspace       used 94503K, capacity 97934K, committed 99328K, reserved 1134592K
  class space    used 12229K, capacity 12961K, committed 13312K, reserved 1048576K
Event: 5860.979 GC heap after
Heap after GC invocations=32 (full 5):
 PSYoungGen      total 306176K, used 96K [0x00000000e0000000, 0x00000000f9e80000, 0x0000000100000000)
  eden space 232960K, 0% used [0x00000000e0000000,0x00000000e0000000,0x00000000ee380000)
  from space 73216K, 0% used [0x00000000ee380000,0x00000000ee398000,0x00000000f2b00000)
  to   space 73728K, 0% used [0x00000000f5680000,0x00000000f5680000,0x00000000f9e80000)
 ParOldGen       total 308224K, used 186163K [0x00000000a0000000, 0x00000000b2d00000, 0x00000000e0000000)
  object space 308224K, 60% used [0x00000000a0000000,0x00000000ab5cccf8,0x00000000b2d00000)
 Metaspace       used 94503K, capacity 97934K, committed 99328K, reserved 1134592K
  class space    used 12229K, capacity 12961K, committed 13312K, reserved 1048576K
}
Event: 5877.438 GC heap before
{Heap before GC invocations=33 (full 5):
 PSYoungGen      total 306176K, used 232972K [0x00000000e0000000, 0x00000000f9e80000, 0x0000000100000000)
  eden space 232960K, 99% used [0x00000000e0000000,0x00000000ee36b150,0x00000000ee380000)
  from space 73216K, 0% used [0x00000000ee380000,0x00000000ee398000,0x00000000f2b00000)
  to   space 73728K, 0% used [0x00000000f5680000,0x00000000f5680000,0x00000000f9e80000)
 ParOldGen       total 308224K, used 186163K [0x00000000a0000000, 0x00000000b2d00000, 0x00000000e0000000)
  object space 308224K, 60% used [0x00000000a0000000,0x00000000ab5cccf8,0x00000000b2d00000)
 Metaspace       used 94739K, capacity 98256K, committed 99584K, reserved 1136640K
  class space    used 12258K, capacity 12972K, committed 13312K, reserved 1048576K
Event: 5877.493 GC heap after
Heap after GC invocations=33 (full 5):
 PSYoungGen      total 339456K, used 35902K [0x00000000e0000000, 0x00000000f9800000, 0x0000000100000000)
  eden space 272384K, 0% used [0x00000000e0000000,0x00000000e0000000,0x00000000f0a00000)
  from space 67072K, 53% used [0x00000000f5680000,0x00000000f798f8a8,0x00000000f9800000)
  to   space 72704K, 0% used [0x00000000f0a00000,0x00000000f0a00000,0x00000000f5100000)
 ParOldGen       total 308224K, used 186171K [0x00000000a0000000, 0x00000000b2d00000, 0x00000000e0000000)
  object space 308224K, 60% used [0x00000000a0000000,0x00000000ab5cecf8,0x00000000b2d00000)
 Metaspace       used 94739K, capacity 98256K, committed 99584K, reserved 1136640K
  class space    used 12258K, capacity 12972K, committed 13312K, reserved 1048576K
}

