# JRE version: Java(TM) SE Runtime Environment (8.0_111-b14) (build 1.8.0_111-b14)
# Java VM: Java HotSpot(TM) 64-Bit Server VM (25.111-b14 mixed mode windows-amd64 compressed oops)
Heap:
 PSYoungGen      total 274944K, used 207901K [0x00000000e0000000, 0x00000000f8780000, 0x0000000100000000)
  eden space 168448K, 60% used [0x00000000e0000000,0x00000000e6308a00,0x00000000ea480000)
  from space 106496K, 99% used [0x00000000f1f80000,0x00000000f877ebd8,0x00000000f8780000)
  to   space 116224K, 0% used [0x00000000ea480000,0x00000000ea480000,0x00000000f1600000)
 ParOldGen       total 184832K, used 92740K [0x00000000a0000000, 0x00000000ab480000, 0x00000000e0000000)
  object space 184832K, 50% used [0x00000000a0000000,0x00000000a5a91398,0x00000000ab480000)
 Metaspace       used 106197K, capacity 111356K, committed 111616K, reserved 1146880K
  class space    used 13443K, capacity 14435K, committed 14592K, reserved 1048576K
GC Heap History (10 events):
Event: 15307.585 GC heap before
{Heap before GC invocations=72 (full 8):
 PSYoungGen      total 271872K, used 158558K [0x00000000e0000000, 0x00000000f9900000, 0x0000000100000000)
  eden space 150528K, 100% used [0x00000000e0000000,0x00000000e9300000,0x00000000e9300000)
  from space 121344K, 6% used [0x00000000e9300000,0x00000000e9ad78a0,0x00000000f0980000)
  to   space 128000K, 0% used [0x00000000f1c00000,0x00000000f1c00000,0x00000000f9900000)
 ParOldGen       total 184832K, used 63883K [0x00000000a0000000, 0x00000000ab480000, 0x00000000e0000000)
  object space 184832K, 34% used [0x00000000a0000000,0x00000000a3e62f38,0x00000000ab480000)
 Metaspace       used 105253K, capacity 110280K, committed 110464K, reserved 1144832K
  class space    used 13364K, capacity 14327K, committed 14464K, reserved 1048576K
Event: 15307.601 GC heap after
Heap after GC invocations=72 (full 8):
 PSYoungGen      total 283648K, used 7709K [0x00000000e0000000, 0x00000000f9400000, 0x0000000100000000)
  eden space 160768K, 0% used [0x00000000e0000000,0x00000000e0000000,0x00000000e9d00000)
  from space 122880K, 6% used [0x00000000f1c00000,0x00000000f2387690,0x00000000f9400000)
  to   space 126464K, 0% used [0x00000000e9d00000,0x00000000e9d00000,0x00000000f1880000)
 ParOldGen       total 184832K, used 63883K [0x00000000a0000000, 0x00000000ab480000, 0x00000000e0000000)
  object space 184832K, 34% used [0x00000000a0000000,0x00000000a3e62f38,0x00000000ab480000)
 Metaspace       used 105253K, capacity 110280K, committed 110464K, reserved 1144832K
  class space    used 13364K, capacity 14327K, committed 14464K, reserved 1048576K
}
Event: 15309.874 GC heap before
{Heap before GC invocations=73 (full 8):
 PSYoungGen      total 283648K, used 168477K [0x00000000e0000000, 0x00000000f9400000, 0x0000000100000000)
  eden space 160768K, 100% used [0x00000000e0000000,0x00000000e9d00000,0x00000000e9d00000)
  from space 122880K, 6% used [0x00000000f1c00000,0x00000000f2387690,0x00000000f9400000)
  to   space 126464K, 0% used [0x00000000e9d00000,0x00000000e9d00000,0x00000000f1880000)
 ParOldGen       total 184832K, used 63883K [0x00000000a0000000, 0x00000000ab480000, 0x00000000e0000000)
  object space 184832K, 34% used [0x00000000a0000000,0x00000000a3e62f38,0x00000000ab480000)
 Metaspace       used 105320K, capacity 110296K, committed 110464K, reserved 1144832K
  class space    used 13370K, capacity 14329K, committed 14464K, reserved 1048576K
Event: 15309.904 GC heap after
Heap after GC invocations=73 (full 8):
 PSYoungGen      total 287232K, used 6894K [0x00000000e0000000, 0x00000000f9900000, 0x0000000100000000)
  eden space 160768K, 0% used [0x00000000e0000000,0x00000000e0000000,0x00000000e9d00000)
  from space 126464K, 5% used [0x00000000e9d00000,0x00000000ea3bb9a0,0x00000000f1880000)
  to   space 124416K, 0% used [0x00000000f1f80000,0x00000000f1f80000,0x00000000f9900000)
 ParOldGen       total 184832K, used 63883K [0x00000000a0000000, 0x00000000ab480000, 0x00000000e0000000)
  object space 184832K, 34% used [0x00000000a0000000,0x00000000a3e62f38,0x00000000ab480000)
 Metaspace       used 105320K, capacity 110296K, committed 110464K, reserved 1144832K
  class space    used 13370K, capacity 14329K, committed 14464K, reserved 1048576K
}
Event: 15341.208 GC heap before
{Heap before GC invocations=74 (full 8):
 PSYoungGen      total 287232K, used 167662K [0x00000000e0000000, 0x00000000f9900000, 0x0000000100000000)
  eden space 160768K, 100% used [0x00000000e0000000,0x00000000e9d00000,0x00000000e9d00000)
  from space 126464K, 5% used [0x00000000e9d00000,0x00000000ea3bb9a0,0x00000000f1880000)
  to   space 124416K, 0% used [0x00000000f1f80000,0x00000000f1f80000,0x00000000f9900000)
 ParOldGen       total 184832K, used 63883K [0x00000000a0000000, 0x00000000ab480000, 0x00000000e0000000)
  object space 184832K, 34% used [0x00000000a0000000,0x00000000a3e62f38,0x00000000ab480000)
 Metaspace       used 105711K, capacity 110768K, committed 111104K, reserved 1146880K
  class space    used 13399K, capacity 14369K, committed 14592K, reserved 1048576K
Event: 15341.232 GC heap after
Heap after GC invocations=74 (full 8):
 PSYoungGen      total 274944K, used 36673K [0x00000000e0000000, 0x00000000f8780000, 0x0000000100000000)
  eden space 168448K, 0% used [0x00000000e0000000,0x00000000e0000000,0x00000000ea480000)
  from space 106496K, 34% used [0x00000000f1f80000,0x00000000f4350768,0x00000000f8780000)
  to   space 116224K, 0% used [0x00000000ea480000,0x00000000ea480000,0x00000000f1600000)
 ParOldGen       total 184832K, used 63891K [0x00000000a0000000, 0x00000000ab480000, 0x00000000e0000000)
  object space 184832K, 34% used [0x00000000a0000000,0x00000000a3e64f38,0x00000000ab480000)
 Metaspace       used 105711K, capacity 110768K, committed 111104K, reserved 1146880K
  class space    used 13399K, capacity 14369K, committed 14592K, reserved 1048576K
}
Event: 15342.880 GC heap before
{Heap before GC invocations=75 (full 8):
 PSYoungGen      total 274944K, used 205121K [0x00000000e0000000, 0x00000000f8780000, 0x0000000100000000)
  eden space 168448K, 100% used [0x00000000e0000000,0x00000000ea480000,0x00000000ea480000)
  from space 106496K, 34% used [0x00000000f1f80000,0x00000000f4350768,0x00000000f8780000)
  to   space 116224K, 0% used [0x00000000ea480000,0x00000000ea480000,0x00000000f1600000)
 ParOldGen       total 184832K, used 63891K [0x00000000a0000000, 0x00000000ab480000, 0x00000000e0000000)
  object space 184832K, 34% used [0x00000000a0000000,0x00000000a3e64f38,0x00000000ab480000)
 Metaspace       used 106110K, capacity 111292K, committed 111616K, reserved 1146880K
  class space    used 13440K, capacity 14435K, committed 14592K, reserved 1048576K
Event: 15343.251 GC heap after
Heap after GC invocations=75 (full 8):
 PSYoungGen      total 284672K, used 105254K [0x00000000e0000000, 0x00000000f8780000, 0x0000000100000000)
  eden space 168448K, 0% used [0x00000000e0000000,0x00000000e0000000,0x00000000ea480000)
  from space 116224K, 90% used [0x00000000ea480000,0x00000000f0b49990,0x00000000f1600000)
  to   space 106496K, 0% used [0x00000000f1f80000,0x00000000f1f80000,0x00000000f8780000)
 ParOldGen       total 184832K, used 63899K [0x00000000a0000000, 0x00000000ab480000, 0x00000000e0000000)
  object space 184832K, 34% used [0x00000000a0000000,0x00000000a3e66f38,0x00000000ab480000)
 Metaspace       used 106110K, capacity 111292K, committed 111616K, reserved 1146880K
  class space    used 13440K, capacity 14435K, committed 14592K, reserved 1048576K
}
Event: 15346.511 GC heap before
{Heap before GC invocations=76 (full 8):
 PSYoungGen      total 284672K, used 273702K [0x00000000e0000000, 0x00000000f8780000, 0x0000000100000000)
  eden space 168448K, 100% used [0x00000000e0000000,0x00000000ea480000,0x00000000ea480000)
  from space 116224K, 90% used [0x00000000ea480000,0x00000000f0b49990,0x00000000f1600000)
  to   space 106496K, 0% used [0x00000000f1f80000,0x00000000f1f80000,0x00000000f8780000)
 ParOldGen       total 184832K, used 63899K [0x00000000a0000000, 0x00000000ab480000, 0x00000000e0000000)
  object space 184832K, 34% used [0x00000000a0000000,0x00000000a3e66f38,0x00000000ab480000)
 Metaspace       used 106196K, capacity 111356K, committed 111616K, reserved 1146880K
  class space    used 13443K, capacity 14435K, committed 14592K, reserved 1048576K
Event: 15346.765 GC heap after
Heap after GC invocations=76 (full 8):
 PSYoungGen      total 274944K, used 106490K [0x00000000e0000000, 0x00000000f8780000, 0x0000000100000000)
  eden space 168448K, 0% used [0x00000000e0000000,0x00000000e0000000,0x00000000ea480000)
  from space 106496K, 99% used [0x00000000f1f80000,0x00000000f877ebd8,0x00000000f8780000)
  to   space 116224K, 0% used [0x00000000ea480000,0x00000000ea480000,0x00000000f1600000)
 ParOldGen       total 184832K, used 92740K [0x00000000a0000000, 0x00000000ab480000, 0x00000000e0000000)
  object space 184832K, 50% used [0x00000000a0000000,0x00000000a5a91398,0x00000000ab480000)
 Metaspace       used 106196K, capacity 111356K, committed 111616K, reserved 1146880K
  class space    used 13443K, capacity 14435K, committed 14592K, reserved 1048576K
}

