# JRE version: Java(TM) SE Runtime Environment (8.0_111-b14) (build 1.8.0_111-b14)
# Java VM: Java HotSpot(TM) 64-Bit Server VM (25.111-b14 mixed mode windows-amd64 compressed oops)
Heap:
 PSYoungGen      total 275968K, used 52554K [0x00000000e0000000, 0x00000000f2200000, 0x0000000100000000)
  eden space 261632K, 20% used [0x00000000e0000000,0x00000000e3352ae0,0x00000000eff80000)
  from space 14336K, 0% used [0x00000000f0d80000,0x00000000f0d80000,0x00000000f1b80000)
  to   space 14336K, 0% used [0x00000000eff80000,0x00000000eff80000,0x00000000f0d80000)
 ParOldGen       total 98816K, used 35318K [0x00000000a0000000, 0x00000000a6080000, 0x00000000e0000000)
  object space 98816K, 35% used [0x00000000a0000000,0x00000000a227d838,0x00000000a6080000)
 Metaspace       used 59592K, capacity 61320K, committed 61440K, reserved 1101824K
  class space    used 8230K, capacity 8673K, committed 8704K, reserved 1048576K
GC Heap History (10 events):
Event: 86.319 GC heap before
{Heap before GC invocations=11 (full 2):
 PSYoungGen      total 135168K, used 10388K [0x00000000e0000000, 0x00000000ed300000, 0x0000000100000000)
  eden space 124416K, 0% used [0x00000000e0000000,0x00000000e0000000,0x00000000e7980000)
  from space 10752K, 96% used [0x00000000e7980000,0x00000000e83a5200,0x00000000e8400000)
  to   space 11776K, 0% used [0x00000000ec780000,0x00000000ec780000,0x00000000ed300000)
 ParOldGen       total 51200K, used 10661K [0x00000000a0000000, 0x00000000a3200000, 0x00000000e0000000)
  object space 51200K, 20% used [0x00000000a0000000,0x00000000a0a69618,0x00000000a3200000)
 Metaspace       used 34839K, capacity 35480K, committed 35496K, reserved 1079296K
  class space    used 4922K, capacity 5117K, committed 5120K, reserved 1048576K
Event: 86.507 GC heap after
Heap after GC invocations=11 (full 2):
 PSYoungGen      total 135168K, used 0K [0x00000000e0000000, 0x00000000ed300000, 0x0000000100000000)
  eden space 124416K, 0% used [0x00000000e0000000,0x00000000e0000000,0x00000000e7980000)
  from space 10752K, 0% used [0x00000000e7980000,0x00000000e7980000,0x00000000e8400000)
  to   space 11776K, 0% used [0x00000000ec780000,0x00000000ec780000,0x00000000ed300000)
 ParOldGen       total 65536K, used 17231K [0x00000000a0000000, 0x00000000a4000000, 0x00000000e0000000)
  object space 65536K, 26% used [0x00000000a0000000,0x00000000a10d3d78,0x00000000a4000000)
 Metaspace       used 34834K, capacity 35462K, committed 35496K, reserved 1079296K
  class space    used 4920K, capacity 5114K, committed 5120K, reserved 1048576K
}
Event: 97.185 GC heap before
{Heap before GC invocations=12 (full 2):
 PSYoungGen      total 135168K, used 124416K [0x00000000e0000000, 0x00000000ed300000, 0x0000000100000000)
  eden space 124416K, 100% used [0x00000000e0000000,0x00000000e7980000,0x00000000e7980000)
  from space 10752K, 0% used [0x00000000e7980000,0x00000000e7980000,0x00000000e8400000)
  to   space 11776K, 0% used [0x00000000ec780000,0x00000000ec780000,0x00000000ed300000)
 ParOldGen       total 65536K, used 17231K [0x00000000a0000000, 0x00000000a4000000, 0x00000000e0000000)
  object space 65536K, 26% used [0x00000000a0000000,0x00000000a10d3d78,0x00000000a4000000)
 Metaspace       used 44873K, capacity 45910K, committed 46208K, reserved 1089536K
  class space    used 6181K, capacity 6486K, committed 6528K, reserved 1048576K
Event: 97.249 GC heap after
Heap after GC invocations=12 (full 2):
 PSYoungGen      total 192512K, used 11770K [0x00000000e0000000, 0x00000000ed300000, 0x0000000100000000)
  eden space 180736K, 0% used [0x00000000e0000000,0x00000000e0000000,0x00000000eb080000)
  from space 11776K, 99% used [0x00000000ec780000,0x00000000ed2fe920,0x00000000ed300000)
  to   space 14336K, 0% used [0x00000000eb700000,0x00000000eb700000,0x00000000ec500000)
 ParOldGen       total 65536K, used 20734K [0x00000000a0000000, 0x00000000a4000000, 0x00000000e0000000)
  object space 65536K, 31% used [0x00000000a0000000,0x00000000a143f848,0x00000000a4000000)
 Metaspace       used 44873K, capacity 45910K, committed 46208K, reserved 1089536K
  class space    used 6181K, capacity 6486K, committed 6528K, reserved 1048576K
}
Event: 102.992 GC heap before
{Heap before GC invocations=13 (full 2):
 PSYoungGen      total 192512K, used 192506K [0x00000000e0000000, 0x00000000ed300000, 0x0000000100000000)
  eden space 180736K, 100% used [0x00000000e0000000,0x00000000eb080000,0x00000000eb080000)
  from space 11776K, 99% used [0x00000000ec780000,0x00000000ed2fe920,0x00000000ed300000)
  to   space 14336K, 0% used [0x00000000eb700000,0x00000000eb700000,0x00000000ec500000)
 ParOldGen       total 65536K, used 20734K [0x00000000a0000000, 0x00000000a4000000, 0x00000000e0000000)
  object space 65536K, 31% used [0x00000000a0000000,0x00000000a143f848,0x00000000a4000000)
 Metaspace       used 51207K, capacity 52326K, committed 52480K, reserved 1093632K
  class space    used 7002K, capacity 7346K, committed 7424K, reserved 1048576K
Event: 103.056 GC heap after
Heap after GC invocations=13 (full 2):
 PSYoungGen      total 201728K, used 10032K [0x00000000e0000000, 0x00000000f1b80000, 0x0000000100000000)
  eden space 187392K, 0% used [0x00000000e0000000,0x00000000e0000000,0x00000000eb700000)
  from space 14336K, 69% used [0x00000000eb700000,0x00000000ec0cc098,0x00000000ec500000)
  to   space 14336K, 0% used [0x00000000f0d80000,0x00000000f0d80000,0x00000000f1b80000)
 ParOldGen       total 65536K, used 29243K [0x00000000a0000000, 0x00000000a4000000, 0x00000000e0000000)
  object space 65536K, 44% used [0x00000000a0000000,0x00000000a1c8ee90,0x00000000a4000000)
 Metaspace       used 51207K, capacity 52326K, committed 52480K, reserved 1093632K
  class space    used 7002K, capacity 7346K, committed 7424K, reserved 1048576K
}
Event: 108.936 GC heap before
{Heap before GC invocations=14 (full 2):
 PSYoungGen      total 201728K, used 109771K [0x00000000e0000000, 0x00000000f1b80000, 0x0000000100000000)
  eden space 187392K, 53% used [0x00000000e0000000,0x00000000e6166e18,0x00000000eb700000)
  from space 14336K, 69% used [0x00000000eb700000,0x00000000ec0cc098,0x00000000ec500000)
  to   space 14336K, 0% used [0x00000000f0d80000,0x00000000f0d80000,0x00000000f1b80000)
 ParOldGen       total 65536K, used 29243K [0x00000000a0000000, 0x00000000a4000000, 0x00000000e0000000)
  object space 65536K, 44% used [0x00000000a0000000,0x00000000a1c8ee90,0x00000000a4000000)
 Metaspace       used 57639K, capacity 59104K, committed 59160K, reserved 1099776K
  class space    used 7901K, capacity 8283K, committed 8320K, reserved 1048576K
Event: 108.971 GC heap after
Heap after GC invocations=14 (full 2):
 PSYoungGen      total 275968K, used 10040K [0x00000000e0000000, 0x00000000f2200000, 0x0000000100000000)
  eden space 261632K, 0% used [0x00000000e0000000,0x00000000e0000000,0x00000000eff80000)
  from space 14336K, 70% used [0x00000000f0d80000,0x00000000f174e378,0x00000000f1b80000)
  to   space 14336K, 0% used [0x00000000eff80000,0x00000000eff80000,0x00000000f0d80000)
 ParOldGen       total 65536K, used 31755K [0x00000000a0000000, 0x00000000a4000000, 0x00000000e0000000)
  object space 65536K, 48% used [0x00000000a0000000,0x00000000a1f02d60,0x00000000a4000000)
 Metaspace       used 57639K, capacity 59104K, committed 59160K, reserved 1099776K
  class space    used 7901K, capacity 8283K, committed 8320K, reserved 1048576K
}
Event: 108.971 GC heap before
{Heap before GC invocations=15 (full 3):
 PSYoungGen      total 275968K, used 10040K [0x00000000e0000000, 0x00000000f2200000, 0x0000000100000000)
  eden space 261632K, 0% used [0x00000000e0000000,0x00000000e0000000,0x00000000eff80000)
  from space 14336K, 70% used [0x00000000f0d80000,0x00000000f174e378,0x00000000f1b80000)
  to   space 14336K, 0% used [0x00000000eff80000,0x00000000eff80000,0x00000000f0d80000)
 ParOldGen       total 65536K, used 31755K [0x00000000a0000000, 0x00000000a4000000, 0x00000000e0000000)
  object space 65536K, 48% used [0x00000000a0000000,0x00000000a1f02d60,0x00000000a4000000)
 Metaspace       used 57639K, capacity 59104K, committed 59160K, reserved 1099776K
  class space    used 7901K, capacity 8283K, committed 8320K, reserved 1048576K
Event: 109.405 GC heap after
Heap after GC invocations=15 (full 3):
 PSYoungGen      total 275968K, used 0K [0x00000000e0000000, 0x00000000f2200000, 0x0000000100000000)
  eden space 261632K, 0% used [0x00000000e0000000,0x00000000e0000000,0x00000000eff80000)
  from space 14336K, 0% used [0x00000000f0d80000,0x00000000f0d80000,0x00000000f1b80000)
  to   space 14336K, 0% used [0x00000000eff80000,0x00000000eff80000,0x00000000f0d80000)
 ParOldGen       total 98816K, used 35318K [0x00000000a0000000, 0x00000000a6080000, 0x00000000e0000000)
  object space 98816K, 35% used [0x00000000a0000000,0x00000000a227d838,0x00000000a6080000)
 Metaspace       used 57639K, capacity 59104K, committed 59160K, reserved 1099776K
  class space    used 7901K, capacity 8283K, committed 8320K, reserved 1048576K
}

