# JRE version: Java(TM) SE Runtime Environment (8.0_111-b14) (build 1.8.0_111-b14)
# Java VM: Java HotSpot(TM) 64-Bit Server VM (25.111-b14 mixed mode windows-amd64 compressed oops)
Heap:
 PSYoungGen      total 220160K, used 49756K [0x00000000e0000000, 0x00000000ee680000, 0x0000000100000000)
  eden space 204288K, 24% used [0x00000000e0000000,0x00000000e3097370,0x00000000ec780000)
  from space 15872K, 0% used [0x00000000ed700000,0x00000000ed700000,0x00000000ee680000)
  to   space 15872K, 0% used [0x00000000ec780000,0x00000000ec780000,0x00000000ed700000)
 ParOldGen       total 103424K, used 17398K [0x00000000a0000000, 0x00000000a6500000, 0x00000000e0000000)
  object space 103424K, 16% used [0x00000000a0000000,0x00000000a10fd8c8,0x00000000a6500000)
 Metaspace       used 41177K, capacity 41972K, committed 42112K, reserved 1085440K
  class space    used 5736K, capacity 6016K, committed 6016K, reserved 1048576K
GC Heap History (10 events):
Event: 6.669 GC heap before
{Heap before GC invocations=4 (full 0):
 PSYoungGen      total 70656K, used 53201K [0x00000000e0000000, 0x00000000e8a00000, 0x0000000100000000)
  eden space 65536K, 73% used [0x00000000e0000000,0x00000000e2ef84b0,0x00000000e4000000)
  from space 5120K, 99% used [0x00000000e4000000,0x00000000e44fc010,0x00000000e4500000)
  to   space 5120K, 0% used [0x00000000e8500000,0x00000000e8500000,0x00000000e8a00000)
 ParOldGen       total 86016K, used 5177K [0x00000000a0000000, 0x00000000a5400000, 0x00000000e0000000)
  object space 86016K, 6% used [0x00000000a0000000,0x00000000a050e670,0x00000000a5400000)
 Metaspace       used 20783K, capacity 21212K, committed 21296K, reserved 1067008K
  class space    used 2995K, capacity 3182K, committed 3200K, reserved 1048576K
Event: 6.692 GC heap after
Heap after GC invocations=4 (full 0):
 PSYoungGen      total 136192K, used 5110K [0x00000000e0000000, 0x00000000e8a00000, 0x0000000100000000)
  eden space 131072K, 0% used [0x00000000e0000000,0x00000000e0000000,0x00000000e8000000)
  from space 5120K, 99% used [0x00000000e8500000,0x00000000e89fda70,0x00000000e8a00000)
  to   space 5120K, 0% used [0x00000000e8000000,0x00000000e8000000,0x00000000e8500000)
 ParOldGen       total 86016K, used 11127K [0x00000000a0000000, 0x00000000a5400000, 0x00000000e0000000)
  object space 86016K, 12% used [0x00000000a0000000,0x00000000a0addef8,0x00000000a5400000)
 Metaspace       used 20783K, capacity 21212K, committed 21296K, reserved 1067008K
  class space    used 2995K, capacity 3182K, committed 3200K, reserved 1048576K
}
Event: 6.692 GC heap before
{Heap before GC invocations=5 (full 1):
 PSYoungGen      total 136192K, used 5110K [0x00000000e0000000, 0x00000000e8a00000, 0x0000000100000000)
  eden space 131072K, 0% used [0x00000000e0000000,0x00000000e0000000,0x00000000e8000000)
  from space 5120K, 99% used [0x00000000e8500000,0x00000000e89fda70,0x00000000e8a00000)
  to   space 5120K, 0% used [0x00000000e8000000,0x00000000e8000000,0x00000000e8500000)
 ParOldGen       total 86016K, used 11127K [0x00000000a0000000, 0x00000000a5400000, 0x00000000e0000000)
  object space 86016K, 12% used [0x00000000a0000000,0x00000000a0addef8,0x00000000a5400000)
 Metaspace       used 20783K, capacity 21212K, committed 21296K, reserved 1067008K
  class space    used 2995K, capacity 3182K, committed 3200K, reserved 1048576K
Event: 6.775 GC heap after
Heap after GC invocations=5 (full 1):
 PSYoungGen      total 136192K, used 0K [0x00000000e0000000, 0x00000000e8a00000, 0x0000000100000000)
  eden space 131072K, 0% used [0x00000000e0000000,0x00000000e0000000,0x00000000e8000000)
  from space 5120K, 0% used [0x00000000e8500000,0x00000000e8500000,0x00000000e8a00000)
  to   space 5120K, 0% used [0x00000000e8000000,0x00000000e8000000,0x00000000e8500000)
 ParOldGen       total 66048K, used 11019K [0x00000000a0000000, 0x00000000a4080000, 0x00000000e0000000)
  object space 66048K, 16% used [0x00000000a0000000,0x00000000a0ac2ee0,0x00000000a4080000)
 Metaspace       used 20783K, capacity 21212K, committed 21296K, reserved 1067008K
  class space    used 2995K, capacity 3182K, committed 3200K, reserved 1048576K
}
Event: 9.800 GC heap before
{Heap before GC invocations=6 (full 1):
 PSYoungGen      total 136192K, used 131072K [0x00000000e0000000, 0x00000000e8a00000, 0x0000000100000000)
  eden space 131072K, 100% used [0x00000000e0000000,0x00000000e8000000,0x00000000e8000000)
  from space 5120K, 0% used [0x00000000e8500000,0x00000000e8500000,0x00000000e8a00000)
  to   space 5120K, 0% used [0x00000000e8000000,0x00000000e8000000,0x00000000e8500000)
 ParOldGen       total 66048K, used 11019K [0x00000000a0000000, 0x00000000a4080000, 0x00000000e0000000)
  object space 66048K, 16% used [0x00000000a0000000,0x00000000a0ac2ee0,0x00000000a4080000)
 Metaspace       used 32081K, capacity 32532K, committed 32640K, reserved 1077248K
  class space    used 4522K, capacity 4683K, committed 4736K, reserved 1048576K
Event: 9.842 GC heap after
Heap after GC invocations=6 (full 1):
 PSYoungGen      total 136192K, used 5120K [0x00000000e0000000, 0x00000000ee680000, 0x0000000100000000)
  eden space 131072K, 0% used [0x00000000e0000000,0x00000000e0000000,0x00000000e8000000)
  from space 5120K, 100% used [0x00000000e8000000,0x00000000e8500000,0x00000000e8500000)
  to   space 15872K, 0% used [0x00000000ed700000,0x00000000ed700000,0x00000000ee680000)
 ParOldGen       total 66048K, used 18645K [0x00000000a0000000, 0x00000000a4080000, 0x00000000e0000000)
  object space 66048K, 28% used [0x00000000a0000000,0x00000000a1235758,0x00000000a4080000)
 Metaspace       used 32081K, capacity 32532K, committed 32640K, reserved 1077248K
  class space    used 4522K, capacity 4683K, committed 4736K, reserved 1048576K
}
Event: 12.322 GC heap before
{Heap before GC invocations=7 (full 1):
 PSYoungGen      total 136192K, used 55285K [0x00000000e0000000, 0x00000000ee680000, 0x0000000100000000)
  eden space 131072K, 38% used [0x00000000e0000000,0x00000000e30fd7d0,0x00000000e8000000)
  from space 5120K, 100% used [0x00000000e8000000,0x00000000e8500000,0x00000000e8500000)
  to   space 15872K, 0% used [0x00000000ed700000,0x00000000ed700000,0x00000000ee680000)
 ParOldGen       total 66048K, used 18645K [0x00000000a0000000, 0x00000000a4080000, 0x00000000e0000000)
  object space 66048K, 28% used [0x00000000a0000000,0x00000000a1235758,0x00000000a4080000)
 Metaspace       used 34776K, capacity 35492K, committed 35496K, reserved 1079296K
  class space    used 4908K, capacity 5119K, committed 5120K, reserved 1048576K
Event: 12.362 GC heap after
Heap after GC invocations=7 (full 1):
 PSYoungGen      total 220160K, used 10432K [0x00000000e0000000, 0x00000000ee680000, 0x0000000100000000)
  eden space 204288K, 0% used [0x00000000e0000000,0x00000000e0000000,0x00000000ec780000)
  from space 15872K, 65% used [0x00000000ed700000,0x00000000ee130300,0x00000000ee680000)
  to   space 15872K, 0% used [0x00000000ec780000,0x00000000ec780000,0x00000000ed700000)
 ParOldGen       total 66048K, used 18653K [0x00000000a0000000, 0x00000000a4080000, 0x00000000e0000000)
  object space 66048K, 28% used [0x00000000a0000000,0x00000000a1237758,0x00000000a4080000)
 Metaspace       used 34776K, capacity 35492K, committed 35496K, reserved 1079296K
  class space    used 4908K, capacity 5119K, committed 5120K, reserved 1048576K
}
Event: 12.362 GC heap before
{Heap before GC invocations=8 (full 2):
 PSYoungGen      total 220160K, used 10432K [0x00000000e0000000, 0x00000000ee680000, 0x0000000100000000)
  eden space 204288K, 0% used [0x00000000e0000000,0x00000000e0000000,0x00000000ec780000)
  from space 15872K, 65% used [0x00000000ed700000,0x00000000ee130300,0x00000000ee680000)
  to   space 15872K, 0% used [0x00000000ec780000,0x00000000ec780000,0x00000000ed700000)
 ParOldGen       total 66048K, used 18653K [0x00000000a0000000, 0x00000000a4080000, 0x00000000e0000000)
  object space 66048K, 28% used [0x00000000a0000000,0x00000000a1237758,0x00000000a4080000)
 Metaspace       used 34776K, capacity 35492K, committed 35496K, reserved 1079296K
  class space    used 4908K, capacity 5119K, committed 5120K, reserved 1048576K
Event: 12.564 GC heap after
Heap after GC invocations=8 (full 2):
 PSYoungGen      total 220160K, used 0K [0x00000000e0000000, 0x00000000ee680000, 0x0000000100000000)
  eden space 204288K, 0% used [0x00000000e0000000,0x00000000e0000000,0x00000000ec780000)
  from space 15872K, 0% used [0x00000000ed700000,0x00000000ed700000,0x00000000ee680000)
  to   space 15872K, 0% used [0x00000000ec780000,0x00000000ec780000,0x00000000ed700000)
 ParOldGen       total 103424K, used 17398K [0x00000000a0000000, 0x00000000a6500000, 0x00000000e0000000)
  object space 103424K, 16% used [0x00000000a0000000,0x00000000a10fd8c8,0x00000000a6500000)
 Metaspace       used 34767K, capacity 35462K, committed 35496K, reserved 1079296K
  class space    used 4905K, capacity 5114K, committed 5120K, reserved 1048576K
}

